<?xml version="1.0" encoding="UTF-8"?>
<testng-results skipped="0" failed="0" total="1" passed="1">
  <reporter-output>
  </reporter-output>
  <suite name="Default suite" duration-ms="42831" started-at="2019-01-31T05:44:36Z" finished-at="2019-01-31T05:45:19Z">
    <groups>
    </groups>
    <test name="Default test" duration-ms="42831" started-at="2019-01-31T05:44:36Z" finished-at="2019-01-31T05:45:19Z">
      <class name="ShipcomGroupId.Predict_Now">
        <test-method status="PASS" signature="initializeTest()[pri:0, instance:ShipcomGroupId.Predict_Now@43bc63a3]" name="initializeTest" is-config="true" duration-ms="28989" started-at="2019-01-31T11:14:36Z" finished-at="2019-01-31T11:15:05Z">
          <reporter-output>
          </reporter-output>
        </test-method> <!-- initializeTest -->
        <test-method status="PASS" signature="AddPrivatePrediction()[pri:0, instance:ShipcomGroupId.Predict_Now@43bc63a3]" name="AddPrivatePrediction" duration-ms="13809" started-at="2019-01-31T11:15:05Z" finished-at="2019-01-31T11:15:19Z">
          <reporter-output>
          </reporter-output>
        </test-method> <!-- AddPrivatePrediction -->
      </class> <!-- ShipcomGroupId.Predict_Now -->
    </test> <!-- Default test -->
  </suite> <!-- Default suite -->
</testng-results>
