<?xml version="1.0" encoding="UTF-8"?>
<testng-results skipped="0" failed="0" total="3" passed="3">
  <reporter-output>
  </reporter-output>
  <suite name="Default suite" duration-ms="84050" started-at="2019-02-05T10:09:12Z" finished-at="2019-02-05T10:10:36Z">
    <groups>
    </groups>
    <test name="Default test" duration-ms="84050" started-at="2019-02-05T10:09:12Z" finished-at="2019-02-05T10:10:36Z">
      <class name="ShipcomGroupId.AskQuestion">
        <test-method status="PASS" signature="initializeTest()[pri:0, instance:ShipcomGroupId.AskQuestion@139982de]" name="initializeTest" is-config="true" duration-ms="65663" started-at="2019-02-05T15:39:12Z" finished-at="2019-02-05T15:40:17Z">
          <reporter-output>
          </reporter-output>
        </test-method> <!-- initializeTest -->
        <test-method status="PASS" signature="AskQuestionFunction()[pri:0, instance:ShipcomGroupId.AskQuestion@139982de]" name="AskQuestionFunction" duration-ms="16096" started-at="2019-02-05T15:40:17Z" finished-at="2019-02-05T15:40:33Z">
          <reporter-output>
          </reporter-output>
        </test-method> <!-- AskQuestionFunction -->
        <test-method status="PASS" signature="autocomplete(java.lang.String, java.lang.String)[pri:0, instance:ShipcomGroupId.AskQuestion@139982de]" name="autocomplete" duration-ms="1168" started-at="2019-02-05T15:40:33Z" data-provider="getData1" finished-at="2019-02-05T15:40:35Z">
          <params>
            <param index="0">
              <value>
                <![CDATA[Med]]>
              </value>
            </param>
            <param index="1">
              <value>
                <![CDATA[Medicine]]>
              </value>
            </param>
          </params>
          <reporter-output>
          </reporter-output>
        </test-method> <!-- autocomplete -->
        <test-method status="PASS" signature="autocomplete(java.lang.String, java.lang.String)[pri:0, instance:ShipcomGroupId.AskQuestion@139982de]" name="autocomplete" duration-ms="1078" started-at="2019-02-05T15:40:35Z" data-provider="getData1" finished-at="2019-02-05T15:40:36Z">
          <params>
            <param index="0">
              <value>
                <![CDATA[Med]]>
              </value>
            </param>
            <param index="1">
              <value>
                <![CDATA[Mediclaim]]>
              </value>
            </param>
          </params>
          <reporter-output>
          </reporter-output>
        </test-method> <!-- autocomplete -->
      </class> <!-- ShipcomGroupId.AskQuestion -->
    </test> <!-- Default test -->
  </suite> <!-- Default suite -->
</testng-results>
