<?xml version="1.0" encoding="UTF-8"?>
<!-- Generated by org.testng.reporters.JUnitXMLReporter -->
<testsuite hostname="ITRS-39" name="Default test" tests="3" failures="0" timestamp="5 Feb 2019 10:10:36 GMT" time="84.05" errors="0">
  <testcase name="AskQuestionFunction" time="16.096" classname="ShipcomGroupId.AskQuestion"/>
  <testcase name="autocomplete" time="1.168" classname="ShipcomGroupId.AskQuestion"/>
  <testcase name="autocomplete" time="1.078" classname="ShipcomGroupId.AskQuestion"/>
</testsuite> <!-- Default test -->
